app/build/outputs/logs/manifest-merger-debug-report.txt
-- Merging decision tree log ---
manifest
ADDED from src\main\AndroidManifest.xml:2:1-84:12
	package
		ADDED from src\main\AndroidManifest.xml:3:5-35
		INJECTED from src\main\AndroidManifest.xml
		INJECTED from src\main\AndroidManifest.xml
	android:versionName
		INJECTED from src\main\AndroidManifest.xml
		INJECTED from src\main\AndroidManifest.xml
	xmlns:android
		ADDED from src\main\AndroidManifest.xml:2:11-69
	android:versionCode
		INJECTED from src\main\AndroidManifest.xml
		INJECTED from src\main\AndroidManifest.xml
permission#br.com.fjn.mobileoil.MAPS_RECEIVE
ADDED from src\main\AndroidManifest.xml:5:5-7:47
	android:protectionLevel
		ADDED from src\main\AndroidManifest.xml:7:9-44
	android:name
		ADDED from src\main\AndroidManifest.xml:6:9-57
uses-permission#android.permission.ACCESS_NETWORK_STATE
ADDED from src\main\AndroidManifest.xml:9:5-79
	android:name
		ADDED from src\main\AndroidManifest.xml:9:22-76
uses-permission#android.permission.INTERNET
ADDED from src\main\AndroidManifest.xml:10:5-67
	android:name
		ADDED from src\main\AndroidManifest.xml:10:22-64
uses-permission#android.permission.GET_ACCOUNTS
ADDED from src\main\AndroidManifest.xml:11:5-71
	android:name
		ADDED from src\main\AndroidManifest.xml:11:22-68
uses-permission#android.permission.USE_FINGERPRINT
ADDED from src\main\AndroidManifest.xml:12:5-74
	android:name
		ADDED from src\main\AndroidManifest.xml:12:22-71
uses-permission#android.permission.USE_CREDENTIALS
ADDED from src\main\AndroidManifest.xml:13:5-74
	android:name
		ADDED from src\main\AndroidManifest.xml:13:22-71
uses-permission#android.permission.ACCESS_FINE_LOCATION
ADDED from src\main\AndroidManifest.xml:14:5-79
	android:name
		ADDED from src\main\AndroidManifest.xml:14:22-76
uses-permission#android.permission.ACCESS_COARSE_LOCATION
ADDED from src\main\AndroidManifest.xml:15:5-81
	android:name
		ADDED from src\main\AndroidManifest.xml:15:22-78
uses-permission#android.permission.WRITE_EXTERNAL_STORAGE
ADDED from src\main\AndroidManifest.xml:16:5-81
	android:name
		ADDED from src\main\AndroidManifest.xml:16:22-78
uses-permission#com.google.android.providers.gsf.permission.READ_GSERVICES
ADDED from src\main\AndroidManifest.xml:17:5-98
	android:name
		ADDED from src\main\AndroidManifest.xml:17:22-95
uses-permission#MAPS_RECEIVE
ADDED from src\main\AndroidManifest.xml:18:5-52
	android:name
		ADDED from src\main\AndroidManifest.xml:18:22-49
uses-feature#0x00020000
ADDED from src\main\AndroidManifest.xml:20:5-22:35
	android:glEsVersion
		ADDED from src\main\AndroidManifest.xml:21:9-41
	android:required
		ADDED from src\main\AndroidManifest.xml:22:9-32
application
ADDED from src\main\AndroidManifest.xml:24:5-82:19
MERGED from [com.actionbarsherlock:actionbarsherlock:4.4.0] AndroidManifest.xml:4:3-17
MERGED from [com.google.android.gms:play-services:6.5.87] AndroidManifest.xml:20:5-24:19
MERGED from [com.android.support:support-v4:21.0.0] AndroidManifest.xml:16:5-19
	android:label
		ADDED from src\main\AndroidManifest.xml:27:9-41
	android:allowBackup
		ADDED from src\main\AndroidManifest.xml:25:9-35
	android:icon
		ADDED from src\main\AndroidManifest.xml:26:9-39
	android:theme
		ADDED from src\main\AndroidManifest.xml:28:9-40
uses-library#com.google.android.maps
ADDED from src\main\AndroidManifest.xml:29:9-64
	android:name
		ADDED from src\main\AndroidManifest.xml:29:23-61
meta-data#com.google.android.gms.version
ADDED from src\main\AndroidManifest.xml:31:9-33:69
MERGED from [com.google.android.gms:play-services:6.5.87] AndroidManifest.xml:21:9-23:69
	android:value
		ADDED from src\main\AndroidManifest.xml:33:13-66
	android:name
		ADDED from src\main\AndroidManifest.xml:32:13-58
meta-data#com.google.android.geo.AIzaSyDBY5thaT91z7Lc8fnz9Bzhgvc_kTmY-Vg
ADDED from src\main\AndroidManifest.xml:34:9-36:71
	android:value
		ADDED from src\main\AndroidManifest.xml:36:13-68
	android:name
		ADDED from src\main\AndroidManifest.xml:35:13-90
meta-data#com.google.android.maps.v2.API_KEY
ADDED from src\main\AndroidManifest.xml:37:9-39:71
	android:value
		ADDED from src\main\AndroidManifest.xml:39:13-68
	android:name
		ADDED from src\main\AndroidManifest.xml:38:13-62
activity#br.com.fjn.mobileoil.MainActivity
ADDED from src\main\AndroidManifest.xml:47:9-56:20
	android:screenOrientation
		ADDED from src\main\AndroidManifest.xml:50:13-49
	android:label
		ADDED from src\main\AndroidManifest.xml:49:13-45
	android:name
		ADDED from src\main\AndroidManifest.xml:48:13-41
intent-filter#android.intent.action.MAIN+android.intent.category.LAUNCHER
ADDED from src\main\AndroidManifest.xml:51:13-55:29
action#android.intent.action.MAIN
ADDED from src\main\AndroidManifest.xml:52:17-69
	android:name
		ADDED from src\main\AndroidManifest.xml:52:25-66
category#android.intent.category.LAUNCHER
ADDED from src\main\AndroidManifest.xml:54:17-77
	android:name
		ADDED from src\main\AndroidManifest.xml:54:27-74
activity#br.com.fjn.mobileoil.PreferenciasActivity
ADDED from src\main\AndroidManifest.xml:57:9-60:52
	android:screenOrientation
		ADDED from src\main\AndroidManifest.xml:60:13-49
	android:label
		ADDED from src\main\AndroidManifest.xml:59:13-64
	android:name
		ADDED from src\main\AndroidManifest.xml:58:13-49
activity#br.com.fjn.mobileoil.CombustivelActivity
ADDED from src\main\AndroidManifest.xml:61:9-64:52
	android:screenOrientation
		ADDED from src\main\AndroidManifest.xml:64:13-49
	android:label
		ADDED from src\main\AndroidManifest.xml:63:13-63
	android:name
		ADDED from src\main\AndroidManifest.xml:62:13-48
activity#br.com.fjn.mobileoil.PostoCombustivelDetalhes
ADDED from src\main\AndroidManifest.xml:65:9-68:52
	android:screenOrientation
		ADDED from src\main\AndroidManifest.xml:68:13-49
	android:label
		ADDED from src\main\AndroidManifest.xml:67:13-78
	android:name
		ADDED from src\main\AndroidManifest.xml:66:13-53
activity#br.com.fjn.mobileoil.LoginGoogle
ADDED from src\main\AndroidManifest.xml:69:9-71:67
	android:label
		ADDED from src\main\AndroidManifest.xml:71:13-64
	android:name
		ADDED from src\main\AndroidManifest.xml:70:13-40
activity#br.com.fjn.mobileoil.Configuracoes
ADDED from src\main\AndroidManifest.xml:72:9-74:68
	android:label
		ADDED from src\main\AndroidManifest.xml:74:13-65
	android:name
		ADDED from src\main\AndroidManifest.xml:73:13-42
activity#br.com.fjn.mobileoil.PerfilDoUsuario
ADDED from src\main\AndroidManifest.xml:75:9-77:72
	android:label
		ADDED from src\main\AndroidManifest.xml:77:13-69
	android:name
		ADDED from src\main\AndroidManifest.xml:76:13-44
activity#br.com.fjn.mobileoil.CombustivelAdicionarValor
ADDED from src\main\AndroidManifest.xml:78:9-81:20
	android:label
		ADDED from src\main\AndroidManifest.xml:80:13-79
	android:name
		ADDED from src\main\AndroidManifest.xml:79:13-54
uses-sdk
INJECTED from src\main\AndroidManifest.xml reason: use-sdk injection requested
MERGED from [com.actionbarsherlock:actionbarsherlock:4.4.0] AndroidManifest.xml:3:3-70
MERGED from [com.google.android.gms:play-services:6.5.87] AndroidManifest.xml:18:5-42
MERGED from [com.android.support:support-v4:21.0.0] AndroidManifest.xml:15:5-42
	android:targetSdkVersion
		INJECTED from src\main\AndroidManifest.xml
		INJECTED from src\main\AndroidManifest.xml
	android:minSdkVersion
		INJECTED from src\main\AndroidManifest.xml
		INJECTED from src\main\AndroidManifest.xml